2013-05-01 18:39:59,744 -- line: 58 -- DEBUG -- 
	 S1165173
2013-05-08 20:29:27,483 -- line: 69 -- DEBUG -- 
	 S1166899
2013-05-08 21:21:36,224 -- line: 89 -- DEBUG -- 
	 S1166899
2013-05-08 21:25:25,476 -- line: 91 -- DEBUG -- 
	 S1166899
2013-05-08 21:25:26,743 -- line: 91 -- DEBUG -- 
	 S1166625
2013-05-08 21:26:07,651 -- line: 91 -- DEBUG -- 
	 S1166899
2013-05-08 21:26:08,933 -- line: 91 -- DEBUG -- 
	 S1166625
2013-05-08 21:27:26,960 -- line: 89 -- DEBUG -- 
	 S1166899
2013-05-08 21:27:28,168 -- line: 89 -- DEBUG -- 
	 S1166625
2013-05-08 21:38:47,822 -- line: 89 -- DEBUG -- 
	 S1166899
2013-05-08 21:41:34,348 -- line: 89 -- DEBUG -- 
	 S1166899
2013-05-08 21:42:58,200 -- line: 89 -- DEBUG -- 
	 S1166899
2013-05-08 21:42:58,200 -- line: 92 -- DEBUG -- 
	 https%3A//www.bostongear.com/smartcat/app/smartbuy/OrdStatBody.asp%3Fvid%3D0%252C0%252C0%252C0%26ordNo%3D%26sdate%3D%26edate%3D%26pono%3DS1166899%26cname%3D%26cnum%3D%26webno%3D%26prtno%3D%26modno%3D%26brand%3D
2013-05-08 21:49:43,969 -- line: 91 -- DEBUG -- 
	 S1166899
2013-05-08 21:49:43,969 -- line: 94 -- DEBUG -- 
	 https://www.bostongear.com/smartcat/app/smartbuy/OrdStatBody.asp?vid=0%2C0%2C0%2C0&ordNo=&sdate=&edate=&pono=S1166899&cname=&cnum=&webno=&prtno=&modno=&brand=
2013-05-08 21:53:24,105 -- line: 95 -- DEBUG -- 
	 S1166899
2013-05-08 21:53:24,105 -- line: 98 -- DEBUG -- 
	 https://www.bostongear.com/smartcat/app/smartbuy/OrdStatBody.asp?vid=0%2C0%2C0%2C0&ordNo=&sdate=&edate=&pono=S1166899&cname=&cnum=&webno=&prtno=&modno=&brand=
2013-05-08 21:54:10,710 -- line: 95 -- DEBUG -- 
	 S1166899
2013-05-08 21:54:10,711 -- line: 98 -- DEBUG -- 
	 https://www.bostongear.com/smartcat/app/smartbuy/OrdStatBody.asp?vid=0%2C0%2C0%2C0&ordNo=&sdate=&edate=&pono=S1166899&cname=&cnum=&webno=&prtno=&modno=&brand=
2013-05-08 21:54:50,631 -- line: 95 -- DEBUG -- 
	 S1166899
2013-05-08 21:54:50,632 -- line: 98 -- DEBUG -- 
	 https://www.bostongear.com/smartcat/app/smartbuy/OrdStatBody.asp?vid=0%2C0%2C0%2C0&ordNo=&sdate=&edate=&pono=S1166899&cname=&cnum=&webno=&prtno=&modno=&brand=
2013-05-08 21:57:23,601 -- line: 92 -- DEBUG -- 
	 S1166899
2013-05-08 21:57:23,601 -- line: 95 -- DEBUG -- 
	 https://www.bostongear.com/smartcat/app/smartbuy/OrdStatBody.asp?vid=0%2C0%2C0%2C0&ordNo=&sdate=&edate=&pono=S1166899&cname=&cnum=&webno=&prtno=&modno=&brand=
2013-05-08 21:59:20,148 -- line: 95 -- DEBUG -- 
	 S1166899
2013-05-08 21:59:20,150 -- line: 98 -- DEBUG -- 
	 https://www.bostongear.com/smartcat/app/smartbuy/OrdStatBody.asp?vid=0%2C0%2C0%2C0&ordNo=&sdate=&edate=&pono=S1166899&cname=&cnum=&webno=&prtno=&modno=&brand=
2013-05-08 22:00:39,753 -- line: 92 -- DEBUG -- 
	 S1166899
2013-05-08 22:00:39,753 -- line: 95 -- DEBUG -- 
	 https://www.bostongear.com/smartcat/app/smartbuy/OrdStatBody.asp?vid=0%2C0%2C0%2C0&ordNo=&sdate=&edate=&pono=S1166899&cname=&cnum=&webno=&prtno=&modno=&brand=
2013-05-08 22:01:30,956 -- line: 92 -- DEBUG -- 
	 S1166899
2013-05-08 22:01:30,956 -- line: 95 -- DEBUG -- 
	 https://www.bostongear.com/smartcat/app/smartbuy/OrdStatBody.asp?vid=0%2C0%2C0%2C0&ordNo=&sdate=&edate=&pono=S1166899&cname=&cnum=&webno=&prtno=&modno=&brand=
2013-05-08 22:02:19,075 -- line: 92 -- DEBUG -- 
	 S1166899
2013-05-08 22:02:19,076 -- line: 95 -- DEBUG -- 
	 https://www.bostongear.com/smartcat/app/smartbuy/OrdStatBody.asp?vid=0%2C0%2C0%2C0&ordNo=&sdate=&edate=&pono=S1166899&cname=&cnum=&webno=&prtno=&modno=&brand=
2013-05-08 22:02:55,904 -- line: 92 -- DEBUG -- 
	 S1166899
2013-05-08 22:02:55,904 -- line: 95 -- DEBUG -- 
	 https://www.bostongear.com/smartcat/app/smartbuy/OrdStatBody.asp?vid=0%2C0%2C0%2C0&ordNo=&sdate=&edate=&pono=S1166899&cname=&cnum=&webno=&prtno=&modno=&brand=
2013-05-08 22:03:14,322 -- line: 92 -- DEBUG -- 
	 S1166625
2013-05-08 22:03:14,323 -- line: 95 -- DEBUG -- 
	 https://www.bostongear.com/smartcat/app/smartbuy/OrdStatBody.asp?vid=0%2C0%2C0%2C0&ordNo=&sdate=&edate=&pono=S1166625&cname=&cnum=&webno=&prtno=&modno=&brand=
2013-05-08 22:03:28,737 -- line: 92 -- DEBUG -- 
	 S1166344
2013-05-08 22:03:28,737 -- line: 95 -- DEBUG -- 
	 https://www.bostongear.com/smartcat/app/smartbuy/OrdStatBody.asp?vid=0%2C0%2C0%2C0&ordNo=&sdate=&edate=&pono=S1166344&cname=&cnum=&webno=&prtno=&modno=&brand=
2013-05-08 22:10:34,194 -- line: 85 -- DEBUG -- 
	 S1166899
2013-05-08 22:10:34,194 -- line: 88 -- DEBUG -- 
	 https://www.bostongear.com/smartcat/app/smartbuy/OrdStatBody.asp?vid=0%2C0%2C0%2C0&ordNo=&sdate=&edate=&pono=S1166899&cname=&cnum=&webno=&prtno=&modno=&brand=
2013-05-08 22:10:35,480 -- line: 94 -- DEBUG -- 
	 https://www.bostongear.com/smartcat/app/smartbuy/ordstatusdetail.asp?ordno=H%2095579400
2013-05-08 22:10:36,688 -- line: 85 -- DEBUG -- 
	 S1166625
2013-05-08 22:10:36,688 -- line: 88 -- DEBUG -- 
	 https://www.bostongear.com/smartcat/app/smartbuy/OrdStatBody.asp?vid=0%2C0%2C0%2C0&ordNo=&sdate=&edate=&pono=S1166625&cname=&cnum=&webno=&prtno=&modno=&brand=
2013-05-08 22:10:37,914 -- line: 94 -- DEBUG -- 
	 https://www.bostongear.com/smartcat/app/smartbuy/ordstatusdetail.asp?ordno=H%2095540500
2013-05-08 22:10:39,236 -- line: 85 -- DEBUG -- 
	 S1166344
2013-05-08 22:10:39,236 -- line: 88 -- DEBUG -- 
	 https://www.bostongear.com/smartcat/app/smartbuy/OrdStatBody.asp?vid=0%2C0%2C0%2C0&ordNo=&sdate=&edate=&pono=S1166344&cname=&cnum=&webno=&prtno=&modno=&brand=
2013-05-08 22:10:40,522 -- line: 94 -- DEBUG -- 
	 https://www.bostongear.com/smartcat/app/smartbuy/ordstatusdetail.asp?ordno=Y%2095509300
2013-05-08 22:10:41,802 -- line: 85 -- DEBUG -- 
	 CACA
2013-05-08 22:10:41,802 -- line: 88 -- DEBUG -- 
	 https://www.bostongear.com/smartcat/app/smartbuy/OrdStatBody.asp?vid=0%2C0%2C0%2C0&ordNo=&sdate=&edate=&pono=CACA&cname=&cnum=&webno=&prtno=&modno=&brand=
2013-05-08 22:10:43,346 -- line:111 -- DEBUG -- 
	 [u'++++++++++++++++++', u'1Z2130330346309484', u'Z16ER8700340358429', 'NOT FOUND']
2013-05-08 22:11:48,594 -- line: 85 -- DEBUG -- 
	 BAUBAU
2013-05-08 22:11:48,595 -- line: 88 -- DEBUG -- 
	 https://www.bostongear.com/smartcat/app/smartbuy/OrdStatBody.asp?vid=0%2C0%2C0%2C0&ordNo=&sdate=&edate=&pono=BAUBAU&cname=&cnum=&webno=&prtno=&modno=&brand=
2013-05-08 22:11:49,967 -- line: 85 -- DEBUG -- 
	 S1166899
2013-05-08 22:11:49,967 -- line: 88 -- DEBUG -- 
	 https://www.bostongear.com/smartcat/app/smartbuy/OrdStatBody.asp?vid=0%2C0%2C0%2C0&ordNo=&sdate=&edate=&pono=S1166899&cname=&cnum=&webno=&prtno=&modno=&brand=
2013-05-08 22:11:51,200 -- line: 94 -- DEBUG -- 
	 https://www.bostongear.com/smartcat/app/smartbuy/ordstatusdetail.asp?ordno=H%2095579400
2013-05-08 22:11:52,427 -- line: 85 -- DEBUG -- 
	 S1166625
2013-05-08 22:11:52,427 -- line: 88 -- DEBUG -- 
	 https://www.bostongear.com/smartcat/app/smartbuy/OrdStatBody.asp?vid=0%2C0%2C0%2C0&ordNo=&sdate=&edate=&pono=S1166625&cname=&cnum=&webno=&prtno=&modno=&brand=
2013-05-08 22:11:53,671 -- line: 94 -- DEBUG -- 
	 https://www.bostongear.com/smartcat/app/smartbuy/ordstatusdetail.asp?ordno=H%2095540500
2013-05-08 22:11:54,946 -- line: 85 -- DEBUG -- 
	 S1166344
2013-05-08 22:11:54,946 -- line: 88 -- DEBUG -- 
	 https://www.bostongear.com/smartcat/app/smartbuy/OrdStatBody.asp?vid=0%2C0%2C0%2C0&ordNo=&sdate=&edate=&pono=S1166344&cname=&cnum=&webno=&prtno=&modno=&brand=
2013-05-08 22:11:56,148 -- line: 94 -- DEBUG -- 
	 https://www.bostongear.com/smartcat/app/smartbuy/ordstatusdetail.asp?ordno=Y%2095509300
2013-05-08 22:11:57,477 -- line: 85 -- DEBUG -- 
	 CACA
2013-05-08 22:11:57,479 -- line: 88 -- DEBUG -- 
	 https://www.bostongear.com/smartcat/app/smartbuy/OrdStatBody.asp?vid=0%2C0%2C0%2C0&ordNo=&sdate=&edate=&pono=CACA&cname=&cnum=&webno=&prtno=&modno=&brand=
2013-05-08 22:11:58,796 -- line:111 -- DEBUG -- 
	 ['NOT FOUND', u'++++++++++++++++++', u'1Z2130330346309484', u'Z16ER8700340358429', 'NOT FOUND']
